<?xml version="1.0" encoding="UTF-8"?>
<testsuite name="HumalClientTest" tests="2" skipped="0" failures="0" errors="0" timestamp="2022-11-10T02:28:15" hostname="LAPTOP-FA26I5NA" time="0.361">
  <properties/>
  <testcase name="removeObserver()" classname="HumalClientTest" time="0.355"/>
  <testcase name="addObserver()" classname="HumalClientTest" time="0.005"/>
  <system-out><![CDATA[]]></system-out>
  <system-err><![CDATA[]]></system-err>
</testsuite>
