<?xml version="1.0" encoding="UTF-8"?>
<testsuite name="OrderingStrategyTest" tests="3" skipped="0" failures="0" errors="0" timestamp="2022-11-10T02:28:15" hostname="LAPTOP-FA26I5NA" time="0.002">
  <properties/>
  <testcase name="impatientStrategy()" classname="OrderingStrategyTest" time="0.001"/>
  <testcase name="smartStrategyStartClosed()" classname="OrderingStrategyTest" time="0.0"/>
  <testcase name="smartStrategyStartOpened()" classname="OrderingStrategyTest" time="0.0"/>
  <system-out><![CDATA[]]></system-out>
  <system-err><![CDATA[]]></system-err>
</testsuite>
