<?xml version="1.0" encoding="UTF-8"?>
<testsuite name="StringRecipeTest" tests="1" skipped="0" failures="0" errors="0" timestamp="2022-11-09T23:49:46" hostname="LAPTOP-FA26I5NA" time="0.002">
  <properties/>
  <testcase name="stringRecipe()" classname="StringRecipeTest" time="0.002"/>
  <system-out><![CDATA[]]></system-out>
  <system-err><![CDATA[]]></system-err>
</testsuite>
