<?xml version="1.0" encoding="UTF-8"?>
<testsuite name="ListAggregatorSpockTest" tests="1" skipped="0" failures="0" errors="0" timestamp="2022-11-03T18:47:45" hostname="LAPTOP-FA26I5NA" time="0.052">
  <properties/>
  <testcase name="testing distinct bug 8726" classname="ListAggregatorSpockTest" time="0.052"/>
  <system-out><![CDATA[]]></system-out>
  <system-err><![CDATA[]]></system-err>
</testsuite>
