<?xml version="1.0" encoding="UTF-8"?>
<testsuite name="com.aor.numbers.DivisionByFilterTest" tests="2" skipped="0" failures="0" errors="0" timestamp="2022-10-18T15:34:02" hostname="LAPTOP-FA26I5NA" time="0.026">
  <properties/>
  <testcase name="Test()" classname="com.aor.numbers.DivisionByFilterTest" time="0.025"/>
  <testcase name="Test2()" classname="com.aor.numbers.DivisionByFilterTest" time="0.001"/>
  <system-out><![CDATA[]]></system-out>
  <system-err><![CDATA[]]></system-err>
</testsuite>
