<?xml version="1.0" encoding="UTF-8"?>
<testsuite name="com.aor.numbers.DivisionByFilterTest" tests="4" skipped="0" failures="0" errors="0" timestamp="2022-11-03T18:48:42" hostname="LAPTOP-FA26I5NA" time="0.027">
  <properties/>
  <testcase name="Test()" classname="com.aor.numbers.DivisionByFilterTest" time="0.022"/>
  <testcase name="Test2()" classname="com.aor.numbers.DivisionByFilterTest" time="0.001"/>
  <testcase name="Test3()" classname="com.aor.numbers.DivisionByFilterTest" time="0.0"/>
  <testcase name="Test4()" classname="com.aor.numbers.DivisionByFilterTest" time="0.0"/>
  <system-out><![CDATA[]]></system-out>
  <system-err><![CDATA[]]></system-err>
</testsuite>
