<?xml version="1.0" encoding="UTF-8"?>
<testsuite name="pt.up.fe.ldts.example1.OrderSpockTest" tests="3" skipped="0" failures="0" errors="0" timestamp="2022-12-06T16:20:14" hostname="LAPTOP-FA26I5NA" time="0.318">
  <properties/>
  <testcase name="Is Elegible For Free Delivery (Small)" classname="pt.up.fe.ldts.example1.OrderSpockTest" time="0.265"/>
  <testcase name="Is Elegible For Free Delivery (Large)" classname="pt.up.fe.ldts.example1.OrderSpockTest" time="0.0"/>
  <testcase name="Print Order" classname="pt.up.fe.ldts.example1.OrderSpockTest" time="0.052"/>
  <system-out><![CDATA[]]></system-out>
  <system-err><![CDATA[]]></system-err>
</testsuite>
