<?xml version="1.0" encoding="UTF-8"?>
<testsuite name="com.aor.numbers.PositiveFilterTest" tests="1" skipped="0" failures="0" errors="0" timestamp="2022-10-18T15:34:03" hostname="LAPTOP-FA26I5NA" time="0.001">
  <properties/>
  <testcase name="Accrpt()" classname="com.aor.numbers.PositiveFilterTest" time="0.001"/>
  <system-out><![CDATA[]]></system-out>
  <system-err><![CDATA[]]></system-err>
</testsuite>
