<?xml version="1.0" encoding="UTF-8"?>
<testsuite name="StringCaseChangeTest" tests="1" skipped="0" failures="0" errors="0" timestamp="2022-11-10T00:50:45" hostname="LAPTOP-FA26I5NA" time="0.004">
  <properties/>
  <testcase name="stringCaseChanger()" classname="StringCaseChangeTest" time="0.004"/>
  <system-out><![CDATA[]]></system-out>
  <system-err><![CDATA[]]></system-err>
</testsuite>
