<?xml version="1.0" encoding="UTF-8"?>
<testsuite name="pt.up.fe.ldts.example1.OrderTest" tests="2" skipped="0" failures="0" errors="0" timestamp="2022-12-06T16:50:48" hostname="LAPTOP-FA26I5NA" time="0.02">
  <properties/>
  <testcase name="printOrder()" classname="pt.up.fe.ldts.example1.OrderTest" time="0.019"/>
  <testcase name="isElegibleForFreeDelivery()" classname="pt.up.fe.ldts.example1.OrderTest" time="0.0"/>
  <system-out><![CDATA[]]></system-out>
  <system-err><![CDATA[]]></system-err>
</testsuite>
