<?xml version="1.0" encoding="UTF-8"?>
<testsuite name="AlienTest" tests="3" skipped="0" failures="0" errors="0" timestamp="2022-11-10T02:28:15" hostname="LAPTOP-FA26I5NA" time="0.025">
  <properties/>
  <testcase name="ferengiStartClosed()" classname="AlienTest" time="0.021"/>
  <testcase name="ferengiAlreadyOpened()" classname="AlienTest" time="0.0"/>
  <testcase name="romulan()" classname="AlienTest" time="0.002"/>
  <system-out><![CDATA[]]></system-out>
  <system-err><![CDATA[]]></system-err>
</testsuite>
