<?xml version="1.0" encoding="UTF-8"?>
<testsuite name="HumalClientTest" tests="2" skipped="0" failures="0" errors="0" timestamp="2022-11-10T01:54:47" hostname="LAPTOP-FA26I5NA" time="0.38">
  <properties/>
  <testcase name="removeObserver()" classname="HumalClientTest" time="0.373"/>
  <testcase name="addObserver()" classname="HumalClientTest" time="0.006"/>
  <system-out><![CDATA[]]></system-out>
  <system-err><![CDATA[]]></system-err>
</testsuite>
