<?xml version="1.0" encoding="UTF-8"?>
<testsuite name="pt.up.fe.ldts.example6.TreeTest" tests="6" skipped="0" failures="0" errors="0" timestamp="2022-12-06T23:05:45" hostname="LAPTOP-FA26I5NA" time="0.012">
  <properties/>
  <testcase name="testTreeSetLocation()" classname="pt.up.fe.ldts.example6.TreeTest" time="0.005"/>
  <testcase name="testToString()" classname="pt.up.fe.ldts.example6.TreeTest" time="0.001"/>
  <testcase name="testAddAppraisal()" classname="pt.up.fe.ldts.example6.TreeTest" time="0.001"/>
  <testcase name="testNextAppraisalNotOverdue()" classname="pt.up.fe.ldts.example6.TreeTest" time="0.002"/>
  <testcase name="testTreeCreation()" classname="pt.up.fe.ldts.example6.TreeTest" time="0.001"/>
  <testcase name="testNextAppraisalOverdue()" classname="pt.up.fe.ldts.example6.TreeTest" time="0.001"/>
  <system-out><![CDATA[]]></system-out>
  <system-err><![CDATA[]]></system-err>
</testsuite>
