<?xml version="1.0" encoding="UTF-8"?>
<testsuite name="pt.up.fe.ldts.example5.TurtleSpockTest" tests="3" skipped="0" failures="0" errors="0" timestamp="2022-12-06T23:05:45" hostname="LAPTOP-FA26I5NA" time="0.006">
  <properties/>
  <testcase name="Rotate Left" classname="pt.up.fe.ldts.example5.TurtleSpockTest" time="0.004"/>
  <testcase name="Rotate Right" classname="pt.up.fe.ldts.example5.TurtleSpockTest" time="0.001"/>
  <testcase name="Forward" classname="pt.up.fe.ldts.example5.TurtleSpockTest" time="0.001"/>
  <system-out><![CDATA[]]></system-out>
  <system-err><![CDATA[]]></system-err>
</testsuite>
