<?xml version="1.0" encoding="UTF-8"?>
<testsuite name="com.aor.numbers.ListSorterTest" tests="2" skipped="0" failures="0" errors="0" timestamp="2022-10-18T16:24:54" hostname="LAPTOP-FA26I5NA" time="0.042">
  <properties/>
  <testcase name="sort()" classname="com.aor.numbers.ListSorterTest" time="0.003"/>
  <testcase name="bug_sort_8276()" classname="com.aor.numbers.ListSorterTest" time="0.038"/>
  <system-out><![CDATA[]]></system-out>
  <system-err><![CDATA[]]></system-err>
</testsuite>
