<?xml version="1.0" encoding="UTF-8"?>
<testsuite name="com.aor.numbers.ListSorterTest" tests="2" skipped="0" failures="0" errors="0" timestamp="2022-10-18T10:17:59" hostname="LAPTOP-FA26I5NA" time="0.024">
  <properties/>
  <testcase name="sort()" classname="com.aor.numbers.ListSorterTest" time="0.001"/>
  <testcase name="bug_sort_8276()" classname="com.aor.numbers.ListSorterTest" time="0.022"/>
  <system-out><![CDATA[]]></system-out>
  <system-err><![CDATA[]]></system-err>
</testsuite>
