<?xml version="1.0" encoding="UTF-8"?>
<testsuite name="pt.up.fe.ldts.example5.TurtleSpockTest" tests="3" skipped="0" failures="0" errors="0" timestamp="2022-12-06T23:31:23" hostname="LAPTOP-FA26I5NA" time="0.007">
  <properties/>
  <testcase name="Rotate Left" classname="pt.up.fe.ldts.example5.TurtleSpockTest" time="0.005"/>
  <testcase name="Rotate Right" classname="pt.up.fe.ldts.example5.TurtleSpockTest" time="0.001"/>
  <testcase name="Forward" classname="pt.up.fe.ldts.example5.TurtleSpockTest" time="0.001"/>
  <system-out><![CDATA[]]></system-out>
  <system-err><![CDATA[]]></system-err>
</testsuite>
