<?xml version="1.0" encoding="UTF-8"?>
<testsuite name="UndoTest" tests="1" skipped="0" failures="0" errors="0" timestamp="2022-11-10T00:13:25" hostname="LAPTOP-FA26I5NA" time="0.0">
  <properties/>
  <testcase name="transformUndo()" classname="UndoTest" time="0.0"/>
  <system-out><![CDATA[]]></system-out>
  <system-err><![CDATA[]]></system-err>
</testsuite>
