<?xml version="1.0" encoding="UTF-8"?>
<testsuite name="pt.up.fe.ldts.example1.OrderSpockTest" tests="3" skipped="0" failures="0" errors="0" timestamp="2022-12-06T23:13:52" hostname="LAPTOP-FA26I5NA" time="0.22">
  <properties/>
  <testcase name="Is Elegible For Free Delivery (Small)" classname="pt.up.fe.ldts.example1.OrderSpockTest" time="0.183"/>
  <testcase name="Is Elegible For Free Delivery (Large)" classname="pt.up.fe.ldts.example1.OrderSpockTest" time="0.001"/>
  <testcase name="Print Order" classname="pt.up.fe.ldts.example1.OrderSpockTest" time="0.036"/>
  <system-out><![CDATA[]]></system-out>
  <system-err><![CDATA[]]></system-err>
</testsuite>
