<?xml version="1.0" encoding="UTF-8"?>
<testsuite name="StringReplaceTest" tests="1" skipped="0" failures="0" errors="0" timestamp="2022-11-10T01:54:48" hostname="LAPTOP-FA26I5NA" time="0.001">
  <properties/>
  <testcase name="stringReplacer()" classname="StringReplaceTest" time="0.001"/>
  <system-out><![CDATA[]]></system-out>
  <system-err><![CDATA[]]></system-err>
</testsuite>
