<?xml version="1.0" encoding="UTF-8"?>
<testsuite name="DivisionByFilterSpockTest" tests="2" skipped="0" failures="0" errors="0" timestamp="2022-11-03T19:33:15" hostname="LAPTOP-FA26I5NA" time="0.194">
  <properties/>
  <testcase name="test division by" classname="DivisionByFilterSpockTest" time="0.193"/>
  <testcase name="test division by 2" classname="DivisionByFilterSpockTest" time="0.0"/>
  <system-out><![CDATA[]]></system-out>
  <system-err><![CDATA[]]></system-err>
</testsuite>
