<?xml version="1.0" encoding="UTF-8"?>
<testsuite name="ListFilterSpockTest" tests="1" skipped="0" failures="0" errors="0" timestamp="2022-11-03T19:33:16" hostname="LAPTOP-FA26I5NA" time="0.005">
  <properties/>
  <testcase name="test list filter" classname="ListFilterSpockTest" time="0.005"/>
  <system-out><![CDATA[]]></system-out>
  <system-err><![CDATA[]]></system-err>
</testsuite>
