<?xml version="1.0" encoding="UTF-8"?>
<testsuite name="ListSorterSpockTest" tests="1" skipped="0" failures="0" errors="0" timestamp="2022-11-03T19:11:37" hostname="LAPTOP-FA26I5NA" time="0.001">
  <properties/>
  <testcase name="test sorter list" classname="ListSorterSpockTest" time="0.001"/>
  <system-out><![CDATA[]]></system-out>
  <system-err><![CDATA[]]></system-err>
</testsuite>
