<?xml version="1.0" encoding="UTF-8"?>
<testsuite name="PositiveFilterSpock" tests="2" skipped="0" failures="0" errors="0" timestamp="2023-03-08T23:01:19" hostname="LAPTOP-FA26I5NA" time="0.006">
  <properties/>
  <testcase name="test fositive filter" classname="PositiveFilterSpock" time="0.006"/>
  <testcase name="test fositive filter" classname="PositiveFilterSpock" time="0.0"/>
  <system-out><![CDATA[]]></system-out>
  <system-err><![CDATA[]]></system-err>
</testsuite>
