<?xml version="1.0" encoding="UTF-8"?>
<testsuite name="com.aor.numbers.DivisionByFilterTest" tests="4" skipped="0" failures="0" errors="0" timestamp="2023-03-08T23:01:19" hostname="LAPTOP-FA26I5NA" time="0.035">
  <properties/>
  <testcase name="Test()" classname="com.aor.numbers.DivisionByFilterTest" time="0.03"/>
  <testcase name="Test2()" classname="com.aor.numbers.DivisionByFilterTest" time="0.001"/>
  <testcase name="Test3()" classname="com.aor.numbers.DivisionByFilterTest" time="0.001"/>
  <testcase name="Test4()" classname="com.aor.numbers.DivisionByFilterTest" time="0.001"/>
  <system-out><![CDATA[]]></system-out>
  <system-err><![CDATA[]]></system-err>
</testsuite>
