<?xml version="1.0" encoding="UTF-8"?>
<testsuite name="ListAggregatorSpockTest" tests="8" skipped="0" failures="0" errors="0" timestamp="2023-03-08T23:01:18" hostname="LAPTOP-FA26I5NA" time="0.531">
  <properties/>
  <testcase name="Testing: sum" classname="ListAggregatorSpockTest" time="0.029"/>
  <testcase name="Testing: max" classname="ListAggregatorSpockTest" time="0.001"/>
  <testcase name="Testing: min" classname="ListAggregatorSpockTest" time="0.001"/>
  <testcase name="Testing: distinct" classname="ListAggregatorSpockTest" time="0.011"/>
  <testcase name="testing distinct bug 8726" classname="ListAggregatorSpockTest" time="0.034"/>
  <testcase name="testing distinct bug 8726 new" classname="ListAggregatorSpockTest" time="0.011"/>
  <testcase name="testing distinct bug 8726 with expectation" classname="ListAggregatorSpockTest" time="0.442"/>
  <testcase name="Testing max bug 7263" classname="ListAggregatorSpockTest" time="0.001"/>
  <system-out><![CDATA[3
]]></system-out>
  <system-err><![CDATA[]]></system-err>
</testsuite>
