<?xml version="1.0" encoding="UTF-8"?>
<testsuite name="DivisionByFilterSpockTest" tests="2" skipped="0" failures="0" errors="0" timestamp="2023-03-08T23:01:18" hostname="LAPTOP-FA26I5NA" time="0.258">
  <properties/>
  <testcase name="test division by" classname="DivisionByFilterSpockTest" time="0.257"/>
  <testcase name="test division by 2" classname="DivisionByFilterSpockTest" time="0.001"/>
  <system-out><![CDATA[]]></system-out>
  <system-err><![CDATA[]]></system-err>
</testsuite>
